<?xml version="1.0" encoding="UTF-8"?>
<!-- Generated by org.testng.reporters.JUnitReportReporter -->
<testsuite skipped="0" hostname="chinni-PC" name="com.subbuchinni.edu.Practice.Demo.ParallelExecutioner" tests="1" failures="0" timestamp="17 Apr 2018 18:21:04 GMT" time="42.747" errors="0">
  <testcase name="executer" time="42.747" classname="com.subbuchinni.edu.Practice.Demo.ParallelExecutioner"/>
</testsuite> <!-- com.subbuchinni.edu.Practice.Demo.ParallelExecutioner -->
