<?xml version="1.0" encoding="UTF-8"?>
<!-- Generated by org.testng.reporters.JUnitReportReporter -->
<testsuite skipped="0" hostname="chinni-PC" name="com.subbuchinni.edu.Practice.Demo.Demo" tests="1" failures="0" timestamp="14 Mar 2018 04:17:33 GMT" time="0.040" errors="0">
  <testcase name="Dummy" time="0.040" classname="com.subbuchinni.edu.Practice.Demo.Demo"/>
</testsuite> <!-- com.subbuchinni.edu.Practice.Demo.Demo -->
